<?xml version="1.0" encoding="UTF-8"?>
<testsuite name="LoginTest" tests="1" skipped="0" failures="0" errors="0" timestamp="2020-02-10T13:20:12" hostname="DESKTOP-7POUR70" time="13.8">
  <properties/>
  <testcase name="loginTest" classname="LoginTest" time="13.8"/>
  <system-out><![CDATA[]]></system-out>
  <system-err><![CDATA[]]></system-err>
</testsuite>
